{
  "stats": {
    "suites": 2,
    "tests": 5,
    "passes": 5,
    "pending": 0,
    "failures": 0,
    "start": "2025-07-17T07:17:07.552Z",
    "end": "2025-07-17T07:18:35.096Z",
    "duration": 87544,
    "testsRegistered": 5,
    "passPercent": 100,
    "pendingPercent": 0,
    "other": 0,
    "hasOther": false,
    "skipped": 0,
    "hasSkipped": false
  },
  "results": [
    {
      "uuid": "36a005a7-0918-46f3-a3b3-ac9e84af2116",
      "title": "",
      "fullFile": "/home/runner/work/sdk/sdk/packages/core-sdk/test/integration/dispute.test.ts",
      "file": "/test/integration/dispute.test.ts",
      "beforeHooks": [],
      "afterHooks": [],
      "tests": [],
      "suites": [
        {
          "uuid": "21593c0f-e559-4698-9f4a-0c9c6e92fbe2",
          "title": "Dispute Functions",
          "fullFile": "/home/runner/work/sdk/sdk/packages/core-sdk/test/integration/dispute.test.ts",
          "file": "/test/integration/dispute.test.ts",
          "beforeHooks": [
            {
              "title": "\"before all\" hook in \"Dispute Functions\"",
              "fullTitle": "Dispute Functions \"before all\" hook in \"Dispute Functions\"",
              "timedOut": false,
              "duration": 10440,
              "state": null,
              "speed": null,
              "pass": false,
              "fail": false,
              "pending": false,
              "context": null,
              "code": "clientA = (0, util_1.getStoryClient)();\nconst derivedClient = await (0, BIP32_1.getDerivedStoryClient)();\nclientB = derivedClient.clientB;\nminimumBond = await (0, oov3_1.getMinimumBond)(util_1.publicClient, new generated_1.ArbitrationPolicyUmaClient(util_1.publicClient, util_1.walletClient), src_1.WIP_TOKEN_ADDRESS);\nconst txData = await clientA.nftClient.createNFTCollection({\n    name: \"test-collection\",\n    symbol: \"TEST\",\n    maxSupply: 100,\n    isPublicMinting: true,\n    mintOpen: true,\n    contractURI: \"test-uri\",\n    mintFeeRecipient: util_1.TEST_WALLET_ADDRESS,\n});\nconst nftContract = txData.spgNftContract;\nipIdB = (await clientB.ipAsset.mintAndRegisterIp({\n    spgNftContract: nftContract,\n})).ipId;",
              "err": {},
              "uuid": "f313767c-7583-40e6-9aa6-05be35522c84",
              "parentUUID": "21593c0f-e559-4698-9f4a-0c9c6e92fbe2",
              "isHook": true,
              "skipped": false
            }
          ],
          "afterHooks": [],
          "tests": [],
          "suites": [
            {
              "uuid": "8f82bb68-6435-4125-b863-90f15e0371fc",
              "title": "raiseDispute and counter dispute",
              "fullFile": "/home/runner/work/sdk/sdk/packages/core-sdk/test/integration/dispute.test.ts",
              "file": "/test/integration/dispute.test.ts",
              "beforeHooks": [],
              "afterHooks": [],
              "tests": [
                {
                  "title": "should raise a dispute",
                  "fullTitle": "Dispute Functions raiseDispute and counter dispute should raise a dispute",
                  "timedOut": false,
                  "duration": 14569,
                  "state": "passed",
                  "speed": "slow",
                  "pass": true,
                  "fail": false,
                  "pending": false,
                  "context": null,
                  "code": "const raiseDisputeRequest = {\n    targetIpId: ipIdB,\n    cid: await generateCID(),\n    targetTag: src_1.DisputeTargetTag.IMPROPER_REGISTRATION,\n    liveness: 2592000,\n    bond: minimumBond,\n};\nconst response = await clientA.dispute.raiseDispute(raiseDisputeRequest);\n(0, chai_1.expect)(response.txHash).to.be.a(\"string\");\n(0, chai_1.expect)(response.disputeId).to.be.a(\"bigint\");\ndisputeId = response.disputeId;",
                  "err": {},
                  "uuid": "415de3cb-5ced-4b1a-80de-e245d64c3a79",
                  "parentUUID": "8f82bb68-6435-4125-b863-90f15e0371fc",
                  "isHook": false,
                  "skipped": false
                },
                {
                  "title": "should validate all enum values defined in DisputeTargetTag",
                  "fullTitle": "Dispute Functions raiseDispute and counter dispute should validate all enum values defined in DisputeTargetTag",
                  "timedOut": false,
                  "duration": 466,
                  "state": "passed",
                  "speed": "slow",
                  "pass": true,
                  "fail": false,
                  "pending": false,
                  "context": null,
                  "code": "const allTags = Object.values(src_1.DisputeTargetTag);\nfor (const tag of allTags) {\n    const tagHex = (0, viem_1.toHex)(tag, { size: 32 });\n    const { allowed } = await clientA.dispute.disputeModuleClient.isWhitelistedDisputeTag({\n        tag: tagHex,\n    });\n    if (tag === src_1.DisputeTargetTag.IN_DISPUTE) {\n        (0, chai_1.expect)(allowed).equal(false);\n    }\n    else {\n        (0, chai_1.expect)(allowed).equal(true);\n    }\n}",
                  "err": {},
                  "uuid": "2d5a5872-42c1-4585-b199-baf390a72063",
                  "parentUUID": "8f82bb68-6435-4125-b863-90f15e0371fc",
                  "isHook": false,
                  "skipped": false
                },
                {
                  "title": "should raise disputes with different DisputeTargetTag enum values",
                  "fullTitle": "Dispute Functions raiseDispute and counter dispute should raise disputes with different DisputeTargetTag enum values",
                  "timedOut": false,
                  "duration": 46105,
                  "state": "passed",
                  "speed": "slow",
                  "pass": true,
                  "fail": false,
                  "pending": false,
                  "context": null,
                  "code": "const allTags = Object.values(src_1.DisputeTargetTag);\nfor (const tag of allTags) {\n    const raiseDisputeRequest = {\n        targetIpId: ipIdB,\n        cid: await generateCID(),\n        targetTag: tag,\n        liveness: 2592000,\n        bond: minimumBond,\n    };\n    if (tag === src_1.DisputeTargetTag.IN_DISPUTE) {\n        await (0, chai_1.expect)(clientA.dispute.raiseDispute(raiseDisputeRequest)).to.be.rejectedWith(\"The target tag IN_DISPUTE is not whitelisted\");\n    }\n    else {\n        const response = await clientA.dispute.raiseDispute(raiseDisputeRequest);\n        (0, chai_1.expect)(response.txHash).to.be.a(\"string\");\n        (0, chai_1.expect)(response.disputeId).to.be.a(\"bigint\");\n    }\n}",
                  "err": {},
                  "uuid": "65c89963-6efa-4048-a27b-9c1f0645ce75",
                  "parentUUID": "8f82bb68-6435-4125-b863-90f15e0371fc",
                  "isHook": false,
                  "skipped": false
                },
                {
                  "title": "should reject a dispute with an invalid tag not defined in the enum",
                  "fullTitle": "Dispute Functions raiseDispute and counter dispute should reject a dispute with an invalid tag not defined in the enum",
                  "timedOut": false,
                  "duration": 380,
                  "state": "passed",
                  "speed": "slow",
                  "pass": true,
                  "fail": false,
                  "pending": false,
                  "context": null,
                  "code": "await (0, chai_1.expect)(clientA.dispute.raiseDispute({\n    targetIpId: ipIdB,\n    cid: await generateCID(),\n    targetTag: \"INVALID_TAG\",\n    liveness: 2592000,\n    bond: minimumBond,\n})).to.be.rejectedWith(\"The target tag INVALID_TAG is not whitelisted\");",
                  "err": {},
                  "uuid": "fae89ead-af31-4386-87aa-8b189dfaa77e",
                  "parentUUID": "8f82bb68-6435-4125-b863-90f15e0371fc",
                  "isHook": false,
                  "skipped": false
                },
                {
                  "title": "should be able to counter existing dispute once",
                  "fullTitle": "Dispute Functions raiseDispute and counter dispute should be able to counter existing dispute once",
                  "timedOut": false,
                  "duration": 15577,
                  "state": "passed",
                  "speed": "slow",
                  "pass": true,
                  "fail": false,
                  "pending": false,
                  "context": null,
                  "code": "const assertionId = await clientB.dispute.disputeIdToAssertionId(disputeId);\nconst counterEvidenceCID = await generateCID();\nconst ret = await clientB.dispute.disputeAssertion({\n    ipId: ipIdB,\n    assertionId,\n    counterEvidenceCID,\n});\n(0, chai_1.expect)(ret.txHash).to.be.a(\"string\");\n// should throw error if attempting to dispute assertion again\nawait (0, chai_1.expect)(clientB.dispute.disputeAssertion({\n    ipId: ipIdB,\n    assertionId,\n    counterEvidenceCID,\n})).to.be.rejected;",
                  "err": {},
                  "uuid": "9e64af26-0939-43ba-898a-928c39c1cca3",
                  "parentUUID": "8f82bb68-6435-4125-b863-90f15e0371fc",
                  "isHook": false,
                  "skipped": false
                }
              ],
              "suites": [],
              "passes": [
                "415de3cb-5ced-4b1a-80de-e245d64c3a79",
                "2d5a5872-42c1-4585-b199-baf390a72063",
                "65c89963-6efa-4048-a27b-9c1f0645ce75",
                "fae89ead-af31-4386-87aa-8b189dfaa77e",
                "9e64af26-0939-43ba-898a-928c39c1cca3"
              ],
              "failures": [],
              "pending": [],
              "skipped": [],
              "duration": 77097,
              "root": false,
              "rootEmpty": false,
              "_timeout": 300000
            }
          ],
          "passes": [],
          "failures": [],
          "pending": [],
          "skipped": [],
          "duration": 0,
          "root": false,
          "rootEmpty": false,
          "_timeout": 300000
        }
      ],
      "passes": [],
      "failures": [],
      "pending": [],
      "skipped": [],
      "duration": 0,
      "root": true,
      "rootEmpty": true,
      "_timeout": 300000
    }
  ],
  "meta": {
    "mocha": {
      "version": "10.8.2"
    },
    "mochawesome": {
      "options": {
        "quiet": false,
        "reportFilename": "mochawesome",
        "saveHtml": true,
        "saveJson": true,
        "consoleReporter": "spec",
        "useInlineDiffs": false,
        "code": true
      },
      "version": "7.1.3"
    },
    "marge": {
      "options": null,
      "version": "6.2.0"
    }
  }
}