{
  "stats": {
    "suites": 2,
    "tests": 1,
    "passes": 1,
    "pending": 0,
    "failures": 0,
    "start": "2025-09-30T05:40:10.464Z",
    "end": "2025-09-30T05:40:34.486Z",
    "duration": 24022,
    "testsRegistered": 1,
    "passPercent": 100,
    "pendingPercent": 0,
    "other": 0,
    "hasOther": false,
    "skipped": 0,
    "hasSkipped": false
  },
  "results": [
    {
      "uuid": "7657976d-da12-4e1b-b9ac-b118d5cb2620",
      "title": "",
      "fullFile": "/home/runner/work/sdk/sdk/packages/core-sdk/test/integration/ipAsset.test.ts",
      "file": "/test/integration/ipAsset.test.ts",
      "beforeHooks": [],
      "afterHooks": [],
      "tests": [],
      "suites": [
        {
          "uuid": "a80d3234-b694-4f7a-959e-f273abbd7f0c",
          "title": "IP Asset Functions",
          "fullFile": "/home/runner/work/sdk/sdk/packages/core-sdk/test/integration/ipAsset.test.ts",
          "file": "/test/integration/ipAsset.test.ts",
          "beforeHooks": [
            {
              "title": "\"before all\" hook in \"IP Asset Functions\"",
              "fullTitle": "IP Asset Functions \"before all\" hook in \"IP Asset Functions\"",
              "timedOut": false,
              "duration": 154,
              "state": null,
              "speed": null,
              "pass": false,
              "fail": false,
              "pending": false,
              "context": null,
              "code": "client = (0, util_1.getStoryClient)();\nconst res = await client.license.registerPILTerms(src_1.PILFlavor.nonCommercialSocialRemixing());\nnoCommercialLicenseTermsId = res.licenseTermsId;",
              "err": {},
              "uuid": "0e3b0815-7842-436f-a13e-cee967e4d4f1",
              "parentUUID": "a80d3234-b694-4f7a-959e-f273abbd7f0c",
              "isHook": true,
              "skipped": false
            }
          ],
          "afterHooks": [],
          "tests": [],
          "suites": [
            {
              "uuid": "7bb5ecb4-8753-428c-ae4f-c1fb5ed14938",
              "title": "SPG With Minting Fees with Public Minting SPG NFT Contract",
              "fullFile": "/home/runner/work/sdk/sdk/packages/core-sdk/test/integration/ipAsset.test.ts",
              "file": "/test/integration/ipAsset.test.ts",
              "beforeHooks": [
                {
                  "title": "\"before all\" hook in \"SPG With Minting Fees with Public Minting SPG NFT Contract\"",
                  "fullTitle": "IP Asset Functions SPG With Minting Fees with Public Minting SPG NFT Contract \"before all\" hook in \"SPG With Minting Fees with Public Minting SPG NFT Contract\"",
                  "timedOut": false,
                  "duration": 14417,
                  "state": null,
                  "speed": null,
                  "pass": false,
                  "fail": false,
                  "pending": false,
                  "context": null,
                  "code": "// ensure we start with no wip since we will be wrapping them\nconst wipBalance = await client.wipClient.balanceOf(util_1.TEST_WALLET_ADDRESS);\nif (wipBalance > 0n) {\n    await client.wipClient.withdraw({\n        amount: wipBalance,\n    });\n}\n// create a nft collection that requires minting fee\nconst rsp = await client.nftClient.createNFTCollection({\n    name: \"Premium Collection\",\n    symbol: \"PC\",\n    isPublicMinting: true,\n    mintOpen: true,\n    mintFeeRecipient: util_1.TEST_WALLET_ADDRESS,\n    contractURI: \"test-uri\",\n    mintFee: 100n,\n    mintFeeToken: common_1.WIP_TOKEN_ADDRESS,\n});\nnftContractWithMintingFee = rsp.spgNftContract;\n// create parent ip with minting fee\nconst result = await client.ipAsset.mintAndRegisterIpAssetWithPilTerms({\n    spgNftContract: nftContractWithMintingFee,\n    licenseTermsData: [\n        {\n            terms: {\n                transferable: true,\n                royaltyPolicy: generated_1.royaltyPolicyLapAddress[util_1.aeneid],\n                defaultMintingFee: 150n,\n                expiration: 0n,\n                commercialUse: true,\n                commercialAttribution: true,\n                commercializerChecker: viem_1.zeroAddress,\n                commercializerCheckerData: viem_1.zeroAddress,\n                commercialRevShare: 10,\n                commercialRevCeiling: BigInt(0),\n                derivativesAllowed: true,\n                derivativesAttribution: true,\n                derivativesApproval: false,\n                derivativesReciprocal: true,\n                derivativeRevCeiling: BigInt(0),\n                currency: common_1.WIP_TOKEN_ADDRESS,\n                uri: \"test\",\n            },\n            licensingConfig: {\n                isSet: false,\n                mintingFee: 150n,\n                licensingHook: viem_1.zeroAddress,\n                hookData: viem_1.zeroAddress,\n                commercialRevShare: 0,\n                disabled: false,\n                expectMinimumGroupRewardShare: 0,\n                expectGroupRewardPool: viem_1.zeroAddress,\n            },\n        },\n    ],\n});\nparentIpId = result.ipId;\nlicenseTermsId = result.licenseTermsIds[0];",
                  "err": {},
                  "uuid": "207379e4-b6a0-4c25-8ec3-7af006fcc445",
                  "parentUUID": "7bb5ecb4-8753-428c-ae4f-c1fb5ed14938",
                  "isHook": true,
                  "skipped": false
                }
              ],
              "afterHooks": [],
              "tests": [
                {
                  "title": "should auto wrap ip when mint and register derivative and distribute loyalty tokens",
                  "fullTitle": "IP Asset Functions SPG With Minting Fees with Public Minting SPG NFT Contract should auto wrap ip when mint and register derivative and distribute loyalty tokens",
                  "timedOut": false,
                  "duration": 9446,
                  "state": "passed",
                  "speed": "slow",
                  "pass": true,
                  "fail": false,
                  "pending": false,
                  "context": null,
                  "code": "const rsp = await client.ipAsset.mintAndRegisterIpAndMakeDerivativeAndDistributeRoyaltyTokens({\n    spgNftContract: nftContractWithMintingFee,\n    derivData: {\n        parentIpIds: [parentIpId],\n        licenseTermsIds: [licenseTermsId],\n        maxMintingFee: 0,\n        maxRts: common_1.MAX_ROYALTY_TOKEN,\n        maxRevenueShare: 100,\n    },\n    ipMetadata: {\n        ipMetadataURI: \"test\",\n        ipMetadataHash: viem_1.zeroHash,\n        nftMetadataURI: \"test\",\n        nftMetadataHash: viem_1.zeroHash,\n    },\n    royaltyShares: [\n        {\n            recipient: util_1.TEST_WALLET_ADDRESS,\n            percentage: 100,\n        },\n    ],\n});\n(0, chai_1.expect)(rsp.txHash).to.be.a(\"string\");\n(0, chai_1.expect)(rsp.ipId).to.be.a(\"string\");",
                  "err": {},
                  "uuid": "3812005c-c15a-4e89-a71c-49701dc64958",
                  "parentUUID": "7bb5ecb4-8753-428c-ae4f-c1fb5ed14938",
                  "isHook": false,
                  "skipped": false
                }
              ],
              "suites": [],
              "passes": [
                "3812005c-c15a-4e89-a71c-49701dc64958"
              ],
              "failures": [],
              "pending": [],
              "skipped": [],
              "duration": 9446,
              "root": false,
              "rootEmpty": false,
              "_timeout": 300000
            }
          ],
          "passes": [],
          "failures": [],
          "pending": [],
          "skipped": [],
          "duration": 0,
          "root": false,
          "rootEmpty": false,
          "_timeout": 300000
        }
      ],
      "passes": [],
      "failures": [],
      "pending": [],
      "skipped": [],
      "duration": 0,
      "root": true,
      "rootEmpty": true,
      "_timeout": 300000
    }
  ],
  "meta": {
    "mocha": {
      "version": "10.8.2"
    },
    "mochawesome": {
      "options": {
        "quiet": false,
        "reportFilename": "mochawesome",
        "saveHtml": true,
        "saveJson": true,
        "consoleReporter": "spec",
        "useInlineDiffs": false,
        "code": true
      },
      "version": "7.1.4"
    },
    "marge": {
      "options": null,
      "version": "6.3.0"
    }
  }
}